Der Buildvorgang wurde am 01.09.2016 12:20:02 gestartet.
     1>Projekt "E:\Projekt2016\FPGA_Interface_Cell_Final\build\FPGA_Interface.vcxproj" auf Knoten "2", Build Ziel(e).
     1>PreBuildEvent:
         setlocal
         cd E:\Projekt2016\FPGA_Interface_Cell_Final\build
         if %errorlevel% neq 0 goto :cmEnd
         E:
         if %errorlevel% neq 0 goto :cmEnd
         "C:\Program Files (x86)\CMake\bin\cmake.exe" -E cmake_autogen E:/Projekt2016/FPGA_Interface_Cell_Final/build/CMakeFiles/FPGA_Interface_automoc.dir/ Debug
         if %errorlevel% neq 0 goto :cmEnd
         :cmEnd
         endlocal & call :cmErrorLevel %errorlevel% & goto :cmDone
         :cmErrorLevel
         exit /b %1
         :cmDone
         if %errorlevel% neq 0 goto :VCEnd
         :VCEnd
         Generating ui_FPGA_Interfacemainwindow.h
         Generating moc_FPGA_Interface_Core.cpp
         Generating moc_FPGA_Interfaceiniselectionwindow.cpp
         Generating moc_FPGA_Interfacemainwindow.cpp
         Generating moc_Project.cpp
         Generating moc_SiSo_AppletIF.cpp
         Generating moc_SiSo_Applet_min.cpp
         Generating moc_kamera_I.cpp
       ClCompile:
         C:\Program Files (x86)\Microsoft Visual Studio 12.0\VC\bin\x86_amd64\CL.exe /c /IE:\Projekt2016\FPGA_Interface_Cell_Final\build /IE:\Projekt2016\FPGA_Interface_Cell_Final /I"C:\Program Files\SiliconSoftware\Runtime5.4.1.2\cmake\modules\..\..\include" /I"C:\Program Files\SiliconSoftware\Runtime5.4.1.2\include" /I"C:\Program Files\SiliconSoftware\Runtime5.4.1.2\include\msinttypes" /IE:\Projekt2016\FPGA_Interface_Cell_Final\include /IC:\Qt5.6\5.6\msvc2013_64\include /IC:\Qt5.6\5.6\msvc2013_64\include\QtWidgets /IC:\Qt5.6\5.6\msvc2013_64\include\QtGui /IC:\Qt5.6\5.6\msvc2013_64\include\QtCore /I"C:\Qt5.6\5.6\msvc2013_64\.\mkspecs\win32-msvc2013" /I"C:\opencv-3.0.1\sources\build\install\include" /I"C:\opencv-3.0.1\sources\build\install\include\opencv" /Zi /nologo /W3 /WX- /Od /Ob0 /D WIN32 /D _WINDOWS /D _DEBUG /D QT_WIDGETS_LIB /D QT_GUI_LIB /D QT_CORE_LIB /D "CMAKE_INTDIR=\"Debug\"" /D _MBCS /Gm- /EHsc /RTC1 /MDd /GS /fp:precise /Zc:wchar_t /Zc:forScope /GR /Fo"FPGA_Interface.dir\Debug\\" /Fd"FPGA_Interface.dir\Debug\vc120.pdb" /Gd /TP /errorReport:prompt E:\Projekt2016\FPGA_Interface_Cell_Final\build\FPGA_Interface_automoc.cpp E:\Projekt2016\FPGA_Interface_Cell_Final\src\CL.cpp E:\Projekt2016\FPGA_Interface_Cell_Final\src\CoaXPress.cpp E:\Projekt2016\FPGA_Interface_Cell_Final\src\FPGA_Interface.cpp E:\Projekt2016\FPGA_Interface_Cell_Final\src\FPGA_InterfaceIni.cpp E:\Projekt2016\FPGA_Interface_Cell_Final\src\FPGA_Interface_Core.cpp E:\Projekt2016\FPGA_Interface_Cell_Final\src\FPGA_Interfaceiniselectionwindow.cpp E:\Projekt2016\FPGA_Interface_Cell_Final\src\FPGA_Interfacemainwindow.cpp E:\Projekt2016\FPGA_Interface_Cell_Final\src\Kamera_Dummy.cpp E:\Projekt2016\FPGA_Interface_Cell_Final\src\Kamera_I.cpp E:\Projekt2016\FPGA_Interface_Cell_Final\src\Kamera_JAI_Pulnix_AccuPixel.cpp E:\Projekt2016\FPGA_Interface_Cell_Final\src\Kamera_Mikrotron_MC258x.cpp E:\Projekt2016\FPGA_Interface_Cell_Final\src\Project.cpp E:\Projekt2016\FPGA_Interface_Cell_Final\src\RB_Plot.cpp E:\Projekt2016\FPGA_Interface_Cell_Final\src\ROIAnalysis.cpp E:\Projekt2016\FPGA_Interface_Cell_Final\src\ROIManager.cpp E:\Projekt2016\FPGA_Interface_Cell_Final\src\Ringbuffer.cpp E:\Projekt2016\FPGA_Interface_Cell_Final\src\RingbufferItem.cpp E:\Projekt2016\FPGA_Interface_Cell_Final\src\SiSo_AppletIF.cpp E:\Projekt2016\FPGA_Interface_Cell_Final\src\SiSo_Applet_min.cpp E:\Projekt2016\FPGA_Interface_Cell_Final\src\infotag.cpp E:\Projekt2016\FPGA_Interface_Cell_Final\src\inifile.cpp E:\Projekt2016\FPGA_Interface_Cell_Final\src\stdutils.cpp E:\Projekt2016\FPGA_Interface_Cell_Final\src\stringutils.cpp
         FPGA_Interface_automoc.cpp
         CL.cpp
         CoaXPress.cpp
         FPGA_Interface.cpp
         FPGA_InterfaceIni.cpp
         FPGA_Interface_Core.cpp
         FPGA_Interfaceiniselectionwindow.cpp
         FPGA_Interfacemainwindow.cpp
         Kamera_Dummy.cpp
         Kamera_I.cpp
         Kamera_JAI_Pulnix_AccuPixel.cpp
         Kamera_Mikrotron_MC258x.cpp
         Project.cpp
         RB_Plot.cpp
         ROIAnalysis.cpp
         ROIManager.cpp
         Ringbuffer.cpp
         RingbufferItem.cpp
         SiSo_AppletIF.cpp
         SiSo_Applet_min.cpp
         Code wird generiert...
         Kompilieren...
         infotag.cpp
         inifile.cpp
         stdutils.cpp
         stringutils.cpp
         Code wird generiert...
       Link:
         C:\Program Files (x86)\Microsoft Visual Studio 12.0\VC\bin\x86_amd64\link.exe /ERRORREPORT:PROMPT /OUT:"E:\Projekt2016\FPGA_Interface_Cell_Final\build\Debug\FPGA_Interface.exe" /INCREMENTAL /NOLOGO kernel32.lib user32.lib gdi32.lib winspool.lib shell32.lib ole32.lib oleaut32.lib uuid.lib comdlg32.lib advapi32.lib "C:\Program Files\SiliconSoftware\Runtime5.4.1.2\lib\visualc\fglib5.lib" "C:\Program Files\SiliconSoftware\Runtime5.4.1.2\lib\visualc\display_lib.lib" "C:\Program Files\SiliconSoftware\Runtime5.4.1.2\lib\visualc\clsersis.lib" "C:\opencv-3.0.1\sources\build\install\x64\vc12\lib\opencv_videostab310d.lib" "C:\opencv-3.0.1\sources\build\install\x64\vc12\lib\opencv_superres310d.lib" "C:\opencv-3.0.1\sources\build\install\x64\vc12\lib\opencv_stitching310d.lib" "C:\opencv-3.0.1\sources\build\install\x64\vc12\lib\opencv_shape310d.lib" "C:\opencv-3.0.1\sources\build\install\x64\vc12\lib\opencv_photo310d.lib" "C:\opencv-3.0.1\sources\build\install\x64\vc12\lib\opencv_objdetect310d.lib" "C:\opencv-3.0.1\sources\build\install\x64\vc12\lib\opencv_calib3d310d.lib" "C:\Program Files\SiliconSoftware\Runtime5.4.1.2\lib\visualc\siso_genicam.lib" C:\Qt5.6\5.6\msvc2013_64\lib\Qt5Widgetsd.lib "C:\opencv-3.0.1\sources\build\install\x64\vc12\lib\opencv_features2d310d.lib" "C:\opencv-3.0.1\sources\build\install\x64\vc12\lib\opencv_ml310d.lib" "C:\opencv-3.0.1\sources\build\install\x64\vc12\lib\opencv_highgui310d.lib" "C:\opencv-3.0.1\sources\build\install\x64\vc12\lib\opencv_videoio310d.lib" "C:\opencv-3.0.1\sources\build\install\x64\vc12\lib\opencv_imgcodecs310d.lib" "C:\opencv-3.0.1\sources\build\install\x64\vc12\lib\opencv_flann310d.lib" "C:\opencv-3.0.1\sources\build\install\x64\vc12\lib\opencv_video310d.lib" "C:\opencv-3.0.1\sources\build\install\x64\vc12\lib\opencv_imgproc310d.lib" "C:\opencv-3.0.1\sources\build\install\x64\vc12\lib\opencv_core310d.lib" C:\Qt5.6\5.6\msvc2013_64\lib\Qt5Guid.lib C:\Qt5.6\5.6\msvc2013_64\lib\Qt5Cored.lib /MANIFEST /MANIFESTUAC:"level='asInvoker' uiAccess='false'" /manifest:embed /DEBUG /PDB:"E:/Projekt2016/FPGA_Interface_Cell_Final/build/Debug/FPGA_Interface.pdb" /SUBSYSTEM:CONSOLE /TLBID:1 /DYNAMICBASE /NXCOMPAT /IMPLIB:"E:/Projekt2016/FPGA_Interface_Cell_Final/build/Debug/FPGA_Interface.lib" /MACHINE:X64  /machine:x64 /debug FPGA_Interface.dir\Debug\RB_Plot.obj
         FPGA_Interface.dir\Debug\ROIAnalysis.obj
         FPGA_Interface.dir\Debug\ROIManager.obj
         FPGA_Interface.dir\Debug\Project.obj
         FPGA_Interface.dir\Debug\FPGA_Interface.obj
         FPGA_Interface.dir\Debug\FPGA_Interface_Core.obj
         FPGA_Interface.dir\Debug\FPGA_Interfaceiniselectionwindow.obj
         FPGA_Interface.dir\Debug\FPGA_Interfacemainwindow.obj
         FPGA_Interface.dir\Debug\FPGA_InterfaceIni.obj
         FPGA_Interface.dir\Debug\Ringbuffer.obj
         FPGA_Interface.dir\Debug\RingbufferItem.obj
         FPGA_Interface.dir\Debug\SiSo_AppletIF.obj
         FPGA_Interface.dir\Debug\SiSo_Applet_min.obj
         FPGA_Interface.dir\Debug\CL.obj
         FPGA_Interface.dir\Debug\CoaXPress.obj
         FPGA_Interface.dir\Debug\Kamera_Dummy.obj
         FPGA_Interface.dir\Debug\Kamera_I.obj
         FPGA_Interface.dir\Debug\Kamera_JAI_Pulnix_AccuPixel.obj
         FPGA_Interface.dir\Debug\Kamera_Mikrotron_MC258x.obj
         FPGA_Interface.dir\Debug\inifile.obj
         FPGA_Interface.dir\Debug\infotag.obj
         FPGA_Interface.dir\Debug\stringutils.obj
         FPGA_Interface.dir\Debug\stdutils.obj
         FPGA_Interface.dir\Debug\FPGA_Interface_automoc.obj
         FPGA_Interface.vcxproj -> E:\Projekt2016\FPGA_Interface_Cell_Final\build\Debug\FPGA_Interface.exe
     1>Die Erstellung des Projekts "E:\Projekt2016\FPGA_Interface_Cell_Final\build\FPGA_Interface.vcxproj" ist abgeschlossen, Build Ziel(e).

Build erfolgreich.

Verstrichene Zeit 00:00:30.38
